<?xml version="1.0" encoding="UTF-8"?>
<!-- Generated by org.testng.reporters.JUnitXMLReporter -->
<testsuite ignored="0" hostname="Karanraj" failures="0" tests="11" name="Default test" time="0.191" errors="0" timestamp="2023-09-10T13:04:35 IST">
  <testcase classname="orangehrm.MainProgram" name="@BeforeClass launchWebsite" time="0.061">
    <failure type="java.lang.IllegalStateException" message="The driver executable does not exist: C:\Users\Lenovo\Documents\jars\chromedriver.exe&amp;quot;">
      <![CDATA[java.lang.IllegalStateException: The driver executable does not exist: C:\Users\Lenovo\Documents\jars\chromedriver.exe"
at com.google.common.base.Preconditions.checkState(Preconditions.java:585)
at org.openqa.selenium.remote.service.DriverService.checkExecutable(DriverService.java:146)
at org.openqa.selenium.remote.service.DriverService.findExecutable(DriverService.java:141)
at org.openqa.selenium.chrome.ChromeDriverService.access$000(ChromeDriverService.java:35)
at org.openqa.selenium.chrome.ChromeDriverService$Builder.findDefaultExecutable(ChromeDriverService.java:159)
at org.openqa.selenium.remote.service.DriverService$Builder.build(DriverService.java:355)
at org.openqa.selenium.chrome.ChromeDriverService.createDefaultService(ChromeDriverService.java:94)
at org.openqa.selenium.chrome.ChromeDriver.<init>(ChromeDriver.java:123)
at orangehrm.ReusableMethod.launchApp(ReusableMethod.java:20)
at orangehrm.MainProgram.launchWebsite(MainProgram.java:18)
at java.base/jdk.internal.reflect.NativeMethodAccessorImpl.invoke0(Native Method)
at java.base/jdk.internal.reflect.NativeMethodAccessorImpl.invoke(NativeMethodAccessorImpl.java:77)
at java.base/jdk.internal.reflect.DelegatingMethodAccessorImpl.invoke(DelegatingMethodAccessorImpl.java:43)
at java.base/java.lang.reflect.Method.invoke(Method.java:568)
at org.testng.internal.MethodInvocationHelper.invokeMethod(MethodInvocationHelper.java:133)
at org.testng.internal.MethodInvocationHelper.invokeMethodConsideringTimeout(MethodInvocationHelper.java:62)
at org.testng.internal.ConfigInvoker.invokeConfigurationMethod(ConfigInvoker.java:385)
at org.testng.internal.ConfigInvoker.invokeConfigurations(ConfigInvoker.java:321)
at org.testng.internal.TestMethodWorker.invokeBeforeClassMethods(TestMethodWorker.java:176)
at org.testng.internal.TestMethodWorker.run(TestMethodWorker.java:122)
at java.base/java.util.ArrayList.forEach(ArrayList.java:1511)
at org.testng.TestRunner.privateRun(TestRunner.java:794)
at org.testng.TestRunner.run(TestRunner.java:596)
at org.testng.SuiteRunner.runTest(SuiteRunner.java:377)
at org.testng.SuiteRunner.runSequentially(SuiteRunner.java:371)
at org.testng.SuiteRunner.privateRun(SuiteRunner.java:332)
at org.testng.SuiteRunner.run(SuiteRunner.java:276)
at org.testng.SuiteRunnerWorker.runSuite(SuiteRunnerWorker.java:53)
at org.testng.SuiteRunnerWorker.run(SuiteRunnerWorker.java:96)
at org.testng.TestNG.runSuitesSequentially(TestNG.java:1212)
at org.testng.TestNG.runSuitesLocally(TestNG.java:1134)
at org.testng.TestNG.runSuites(TestNG.java:1063)
at org.testng.TestNG.run(TestNG.java:1031)
at org.testng.remote.AbstractRemoteTestNG.run(AbstractRemoteTestNG.java:115)
at org.testng.remote.RemoteTestNG.initAndRun(RemoteTestNG.java:251)
at org.testng.remote.RemoteTestNG.main(RemoteTestNG.java:77)
]]>
    </failure>
  </testcase> <!-- @BeforeClass launchWebsite -->
  <testcase classname="orangehrm.MainProgram" name="@AfterClass closeapp" time="-1.694331275912E9">
    <skipped/>
  </testcase> <!-- @AfterClass closeapp -->
  <testcase classname="orangehrm.MainProgram" name="checkPIM" time="0.0">
    <skipped/>
  </testcase> <!-- checkPIM -->
  <testcase classname="orangehrm.MainProgram" name="openPIM" time="0.0">
    <skipped/>
  </testcase> <!-- openPIM -->
  <testcase classname="orangehrm.MainProgram" name="checkPIMName" time="0.0">
    <skipped/>
  </testcase> <!-- checkPIMName -->
  <testcase classname="orangehrm.MainProgram" name="checkEmpListDisplay" time="0.0">
    <skipped/>
  </testcase> <!-- checkEmpListDisplay -->
  <testcase classname="orangehrm.MainProgram" name="clickEmpList" time="0.0">
    <skipped/>
  </testcase> <!-- clickEmpList -->
  <testcase classname="orangehrm.MainProgram" name="checkResetBtn" time="0.0">
    <skipped/>
  </testcase> <!-- checkResetBtn -->
  <testcase classname="orangehrm.MainProgram" name="checkSearchBtn" time="0.0">
    <skipped/>
  </testcase> <!-- checkSearchBtn -->
  <testcase classname="orangehrm.MainProgram" name="checkAddBtn" time="0.0">
    <skipped/>
  </testcase> <!-- checkAddBtn -->
  <testcase classname="orangehrm.MainProgram" name="checkHelpBtn" time="0.0">
    <skipped/>
  </testcase> <!-- checkHelpBtn -->
  <testcase classname="orangehrm.MainProgram" name="checkHelpFunct" time="0.0">
    <skipped/>
  </testcase> <!-- checkHelpFunct -->
  <testcase classname="orangehrm.MainProgram" name="checkAddBtnFunct" time="0.0">
    <skipped/>
  </testcase> <!-- checkAddBtnFunct -->
</testsuite> <!-- Default test -->
